Incorrect username and/or password: justTimadsfa
Incorrect username and/or password: username:justTimqwet password:purple11
2016-03-18 15:37:43.879259: Incorrect username and/or password: username:justTimqwet password:purple11
2016-03-18 15:39:23.589909: Incorrect username and/or password: username:justTimwert password:purple11
2016-03-18 15:45:53.451528: Incorrect username and/or password: username:justTimqew password:purple11
2016-03-18 15:49:05.886937: Incorrect username and/or password: username:justTimqew password:purple11
2016-03-18 15:57:41.947743: Successful login for: justTim
2016-03-18 15:57:59.923541: Successful login for: justTim
2016-03-18 16:00:07.746437: User Logged Out: justTim
2016-03-18 16:00:33.924719: Successful login for: justTim
2016-03-18 16:00:34.848339: User Logged Out: justTim
2016-03-18 16:01:36.214397: Successful login for: justTim
2016-03-18 16:01:40.099387: User Logged Out: justTim
2016-03-18 16:02:01.664660: Incorrect username and/or password: username:justTimadsf
2016-03-18 16:04:30.727536: New User Signup:Test
2016-03-18 16:45:06.755862: User Logged Out: justTim
2016-03-18 16:45:23.664244: Successful login for: justTim
2016-03-18 17:16:03.361028: User Logged Out: justTim
2016-03-18 17:16:11.473946: Incorrect username and/or password: username:justTimdd
2016-03-18 17:19:30.350374: User Logged Out: justTim
2016-03-18 17:19:33.768157: Successful login for: justTim
2016-03-18 17:23:14.669401: New Diary Entry: Test by: justTim
2016-03-18 17:28:05.496274: New Diary Entry: Test2 by: justTim
2016-03-21 00:45:01.776922: User Logged Out: justTim
2016-03-21 00:45:04.744368: Successful login for: justTim
2016-03-21 00:45:21.312399: New Diary Entry: Test3 by: justTim
2016-03-21 01:19:30.859516: New Diary Entry: blabla by: justTim
2016-03-21 01:20:30.735397: New Diary Entry: blabla by: justTim
2016-03-21 01:20:44.363958: New Diary Entry: Test6 by: justTim
2016-03-21 01:28:26.971922: Deleted Diary Entry: Test6 by: justTim
2016-03-21 01:28:30.583917: Deleted Diary Entry: Test6 by: justTim
2016-03-21 01:28:39.671688: Deleted Diary Entry: blabla by: justTim
2016-03-21 01:29:38.294053: Deleted Diary Entry: blabla by: justTim
2016-03-21 01:29:45.080446: Deleted Diary Entry: Test6 by: justTim
2016-03-21 01:32:02.493722: Deleted Diary Entry: Test6 by: justTim
2016-03-21 01:32:06.526351: Deleted Diary Entry: Test6 by: justTim
2016-03-21 01:32:45.387249: Deleted Diary Entry: Test6 by: justTim
2016-03-21 01:32:48.991419: Deleted Diary Entry: blabla by: justTim
2016-03-21 01:32:52.612179: Deleted Diary Entry: blabla by: justTim
2016-03-22 14:21:59.114783: New Diary Entry: Delete Me by: justTim
2016-03-22 14:22:02.913530: Deleted Diary Entry: Delete Me by: justTim
2016-03-22 14:37:50.945907: New Diary Entry: EditMe by: justTim
2016-03-22 14:43:37.135681: New Diary Entry: EditMeSAFqw by: justTim
2016-03-22 14:44:02.623431: New Diary Entry: Fixed This by: justTim
2016-03-22 14:44:18.830425: New Diary Entry: Fixed This2 by: justTim
2016-03-22 14:44:22.204192: Deleted Diary Entry: Fixed This2 by: justTim
2016-03-22 14:44:25.970543: Deleted Diary Entry: Fixed This by: justTim
2016-03-22 14:44:28.696027: Deleted Diary Entry: EditMeSAFqw by: justTim
2016-03-22 14:49:59.464583: New Diary Entry: EditMe222 by: justTim
2016-03-22 14:50:04.175221: Deleted Diary Entry: EditMe222 by: justTim
2016-03-22 14:50:57.132738: New Diary Entry: Test33 by: justTim
2016-03-22 14:51:07.440820: New Diary Entry: Test3322 by: justTim
2016-03-22 14:51:11.339365: Deleted Diary Entry: Test3322 by: justTim
2016-03-22 15:00:59.441269: Deleted Diary Entry: Test33 by: justTim
2016-03-22 15:34:33.039205: New Diary Entry: NewEntry by: justTim
2016-03-22 15:34:49.699069: Deleted Diary Entry: NewEntry by: justTim
2016-03-22 15:36:04.378274: Deleted Diary Entry: Test  111 by: justTim
2016-03-22 15:36:08.182446: Deleted Diary Entry: Test by: justTim
2016-03-22 15:40:44.591077: New Diary Entry: SAFD by: justTim
2016-03-22 15:40:47.697869: Deleted Diary Entry: SAFD by: justTim
2016-03-22 15:52:10.986129: New Diary Entry: Test111 by: justTim
2016-03-22 15:54:52.164473: New Diary Entry: Test111 by: justTim
2016-03-22 15:55:06.089671: New Diary Entry: Test111 by: justTim
2016-03-22 15:55:19.228647: New Diary Entry: Test111 by: justTim
2016-03-22 15:55:33.185084: New Diary Entry: Test111 by: justTim
2016-03-22 15:56:00.150113: New Diary Entry: Test111 by: justTim
2016-03-22 15:56:12.480303: Deleted Diary Entry: Test111 by: justTim
2016-03-22 15:56:15.597080: Deleted Diary Entry: Test111 by: justTim
2016-03-22 15:56:22.055555: Deleted Diary Entry: Test111 by: justTim
2016-03-22 15:56:34.224563: Deleted Diary Entry: Test111 by: justTim
2016-03-22 15:56:37.067975: Deleted Diary Entry: Test111 by: justTim
2016-03-22 15:56:39.129805: Deleted Diary Entry: Test111 by: justTim
2016-03-22 15:56:42.042822: Deleted Diary Entry: Test111 by: justTim
2016-03-22 15:56:50.605992: Updated Diary Entry: EditMe by: justTim
2016-03-22 15:57:01.319342: New Diary Entry: New by: justTim
2016-03-22 15:57:11.408009: Updated Diary Entry: New by: justTim
2016-03-22 15:57:13.880787: Deleted Diary Entry: New by: justTim
2016-03-22 17:18:43.985746: New Diary Entry: Fertilizer Spikes for Azaleas by: tim.andrews
2016-03-22 17:18:56.193123: User Logged Out: tim.andrews
2016-03-22 17:19:04.131830: Successful login for: justTim
2016-03-22 17:31:55.238979: New Diary Entry: Test2Test by: justTim
2016-03-22 17:33:24.867880: Deleted Diary Entry: Test2Test by: justTim
2016-03-22 17:34:45.760817: Deleted Diary Entry: Test2Test by: justTim
2016-03-22 17:34:56.242807: New Diary Entry: Testtqeqtte by: justTim
2016-03-22 17:35:00.893992: Deleted Diary Entry: Testtqeqtte by: justTim
2016-03-22 17:35:04.097596: User Logged Out: justTim
2016-03-22 17:35:07.767229: Successful login for: tim.andrews
2016-03-22 17:37:39.784260: New Diary Entry: Finally transplanted Lettuce Starters by: tim.andrews
2016-03-22 17:39:54.402740: User Logged Out: tim.andrews
2016-03-22 17:42:20.261995: User Logged Out: tim.andrews
2016-03-22 17:42:28.569226: Successful login for: justTim
2016-03-22 17:45:34.836079: New Diary Entry: More Tests by: justTim
2016-03-22 17:45:45.503302: New Diary Entry: Another Test by: justTim
2016-03-22 18:00:14.151850: User Logged Out: justTim
2016-03-22 18:00:17.162770: Successful login for: tim.andrews
2016-03-22 18:01:16.717230: User Logged Out: tim.andrews
2016-03-22 18:01:25.500514: Successful login for: justTim
2016-03-22 18:45:05.580469: New Diary Entry: Test w/ Image by: justTim
2016-03-22 18:45:30.258858: Deleted Diary Entry: Test w/ Image by: justTim
2016-03-22 18:47:36.634912: New Diary Entry: Test by: justTim
2016-03-22 18:48:40.844332: New Diary Entry: Test by: justTim
2016-03-22 18:48:51.470934: New Diary Entry: Test by: justTim
2016-03-22 18:53:36.126323: New Diary Entry: Test by: justTim
2016-03-22 18:54:33.794193: New Diary Entry: Test by: justTim
2016-03-22 18:55:18.722240: New Diary Entry: Iggy by: justTim
2016-03-22 18:56:33.110891: Deleted Diary Entry: Test by: justTim
2016-03-22 18:56:46.669295: Deleted Diary Entry: Test by: justTim
2016-03-22 18:57:20.382142: Deleted Diary Entry: Test by: justTim
2016-03-22 18:57:29.085972: Deleted Diary Entry: Test by: justTim
2016-03-22 18:58:24.467567: Deleted Diary Entry: Test by: justTim
2016-03-22 18:58:49.247762: Deleted Diary Entry: Another Test by: justTim
2016-03-22 18:59:53.332931: Deleted Diary Entry: More Tests by: justTim
2016-03-22 19:00:16.526510: User Logged Out: justTim
2016-03-22 19:00:25.688196: Successful login for: justTim
2016-03-22 19:00:35.622756: Deleted Diary Entry: EditMe by: justTim
2016-03-22 19:02:45.064093: Deleted Diary Entry: Test3 by: justTim
2016-03-22 19:04:14.033585: Deleted Diary Entry: Test3 by: justTim
2016-03-22 19:04:18.232579: Deleted Diary Entry: Test2 by: justTim
2016-03-22 19:04:56.191096: New Diary Entry: Test by: justTim
2016-03-22 19:05:12.536476: New Diary Entry: Test by: justTim
2016-03-22 19:32:43.628089: Updated Diary Entry: Iggy by: justTim
2016-03-22 19:33:03.524863: Updated Diary Entry: Iggy by: justTim
2016-03-22 19:33:21.273116: Updated Diary Entry: Iggy by: justTim
2016-03-22 19:34:43.140915: Updated Diary Entry: Iggy by: justTim
2016-03-22 19:35:57.023838: Updated Diary Entry: Iggy by: justTim
2016-03-22 19:36:32.688466: Updated Diary Entry: Iggy by: justTim
2016-03-22 19:37:00.765731: Updated Diary Entry: Iggy by: justTim
2016-03-22 19:37:27.252934: Updated Diary Entry: Iggy by: justTim
2016-03-22 19:38:01.620368: Updated Diary Entry: Iggy by: justTim
2016-03-22 19:40:06.865389: Updated Diary Entry: Iggy by: justTim
2016-03-22 19:40:13.611773: Updated Diary Entry: Iggy by: justTim
2016-03-22 19:41:12.730804: Updated Diary Entry: Iggy by: justTim
2016-03-22 19:41:55.768852: Updated Diary Entry: Iggy by: justTim
2016-03-22 19:43:26.447460: Updated Diary Entry: Iggy by: justTim
2016-03-22 19:43:34.523518: Updated Diary Entry: Iggy by: justTim
2016-03-22 19:45:39.280056: Updated Diary Entry: Iggy by: justTim
2016-03-22 19:47:11.014652: Updated Diary Entry: Iggy by: justTim
2016-03-22 19:47:51.098991: Updated Diary Entry: Iggy by: justTim
2016-03-22 19:48:24.383388: Updated Diary Entry: Iggy by: justTim
2016-03-22 19:50:48.956832: New Diary Entry: Dilbert by: justTim
2016-03-22 19:51:00.227619: Updated Diary Entry: Dilbert by: justTim
